<?xml version="1.0" encoding="UTF-8"?>
<!-- Generated by org.testng.reporters.JUnitXMLReporter -->
<testsuite ignored="0" hostname="mds-MacBook-Pro.fios-router.home" failures="0" tests="7" name="APITest" time="1.172" errors="0" timestamp="19 Dec 2022 00:33:44 GMT">
  <testcase classname="com.bullish.apiTest.test.AllRequest" name="PostStudent" time="0.629"/>
  <testcase classname="com.bullish.apiTest.test.AllRequest" name="PutStudent" time="0.044"/>
  <testcase classname="com.bullish.apiTest.test.AllRequest" name="fetchBulkStudent" time="0.039"/>
  <testcase classname="com.bullish.apiTest.test.AllRequest" name="fetchStudentByClass" time="0.038"/>
  <testcase classname="com.bullish.apiTest.test.AllRequest" name="fetchStudentByID" time="0.014"/>
  <testcase classname="com.bullish.apiTest.test.AllRequest" name="fetchStudentByIDClass" time="0.031"/>
  <testcase classname="com.bullish.apiTest.test.AllRequest" name="deleteStudent" time="0.034"/>
</testsuite> <!-- APITest -->
