<?xml version="1.0" encoding="UTF-8"?>
<testng-results ignored="0" total="7" passed="7" failed="0" skipped="0">
  <reporter-output>
  </reporter-output>
  <suite started-at="2022-12-19T00:33:43Z" name="APITests" finished-at="2022-12-19T00:33:44Z" duration-ms="1172">
    <groups>
    </groups>
    <test started-at="2022-12-19T00:33:43Z" name="APITest" finished-at="2022-12-19T00:33:44Z" duration-ms="1172">
      <class name="com.bullish.apiTest.test.AllRequest">
        <test-method is-config="true" signature="beforeClass()[pri:0, instance:com.bullish.apiTest.test.AllRequest@4a3631f8]" started-at="2022-12-19T00:33:43Z" name="beforeClass" finished-at="2022-12-19T00:33:43Z" duration-ms="224" status="PASS">
          <reporter-output>
          </reporter-output>
        </test-method> <!-- beforeClass -->
        <test-method is-config="true" signature="beforeMethod()[pri:0, instance:com.bullish.apiTest.test.AllRequest@4a3631f8]" started-at="2022-12-19T00:33:43Z" name="beforeMethod" finished-at="2022-12-19T00:33:43Z" duration-ms="1" status="PASS">
          <reporter-output>
          </reporter-output>
        </test-method> <!-- beforeMethod -->
        <test-method signature="PostStudent()[pri:0, instance:com.bullish.apiTest.test.AllRequest@4a3631f8]" started-at="2022-12-19T00:33:44Z" name="PostStudent" finished-at="2022-12-19T00:33:44Z" duration-ms="629" status="PASS">
          <reporter-output>
          </reporter-output>
        </test-method> <!-- PostStudent -->
        <test-method is-config="true" signature="afterTest()[pri:0, instance:com.bullish.apiTest.test.AllRequest@4a3631f8]" started-at="2022-12-19T00:33:44Z" name="afterTest" finished-at="2022-12-19T00:33:44Z" duration-ms="1" status="PASS">
          <reporter-output>
          </reporter-output>
        </test-method> <!-- afterTest -->
        <test-method is-config="true" signature="beforeMethod()[pri:0, instance:com.bullish.apiTest.test.AllRequest@4a3631f8]" started-at="2022-12-19T00:33:44Z" name="beforeMethod" finished-at="2022-12-19T00:33:44Z" duration-ms="1" status="PASS">
          <reporter-output>
          </reporter-output>
        </test-method> <!-- beforeMethod -->
        <test-method signature="PutStudent()[pri:1, instance:com.bullish.apiTest.test.AllRequest@4a3631f8]" started-at="2022-12-19T00:33:44Z" name="PutStudent" finished-at="2022-12-19T00:33:44Z" duration-ms="44" status="PASS">
          <reporter-output>
          </reporter-output>
        </test-method> <!-- PutStudent -->
        <test-method is-config="true" signature="afterTest()[pri:0, instance:com.bullish.apiTest.test.AllRequest@4a3631f8]" started-at="2022-12-19T00:33:44Z" name="afterTest" finished-at="2022-12-19T00:33:44Z" duration-ms="0" status="PASS">
          <reporter-output>
          </reporter-output>
        </test-method> <!-- afterTest -->
        <test-method is-config="true" signature="beforeMethod()[pri:0, instance:com.bullish.apiTest.test.AllRequest@4a3631f8]" started-at="2022-12-19T00:33:44Z" name="beforeMethod" finished-at="2022-12-19T00:33:44Z" duration-ms="0" status="PASS">
          <reporter-output>
          </reporter-output>
        </test-method> <!-- beforeMethod -->
        <test-method signature="fetchBulkStudent()[pri:2, instance:com.bullish.apiTest.test.AllRequest@4a3631f8]" started-at="2022-12-19T00:33:44Z" name="fetchBulkStudent" finished-at="2022-12-19T00:33:44Z" duration-ms="39" status="PASS">
          <reporter-output>
          </reporter-output>
        </test-method> <!-- fetchBulkStudent -->
        <test-method is-config="true" signature="afterTest()[pri:0, instance:com.bullish.apiTest.test.AllRequest@4a3631f8]" started-at="2022-12-19T00:33:44Z" name="afterTest" finished-at="2022-12-19T00:33:44Z" duration-ms="0" status="PASS">
          <reporter-output>
          </reporter-output>
        </test-method> <!-- afterTest -->
        <test-method is-config="true" signature="beforeMethod()[pri:0, instance:com.bullish.apiTest.test.AllRequest@4a3631f8]" started-at="2022-12-19T00:33:44Z" name="beforeMethod" finished-at="2022-12-19T00:33:44Z" duration-ms="0" status="PASS">
          <reporter-output>
          </reporter-output>
        </test-method> <!-- beforeMethod -->
        <test-method signature="fetchStudentByClass()[pri:3, instance:com.bullish.apiTest.test.AllRequest@4a3631f8]" started-at="2022-12-19T00:33:44Z" name="fetchStudentByClass" finished-at="2022-12-19T00:33:44Z" duration-ms="38" status="PASS">
          <reporter-output>
          </reporter-output>
        </test-method> <!-- fetchStudentByClass -->
        <test-method is-config="true" signature="afterTest()[pri:0, instance:com.bullish.apiTest.test.AllRequest@4a3631f8]" started-at="2022-12-19T00:33:44Z" name="afterTest" finished-at="2022-12-19T00:33:44Z" duration-ms="1" status="PASS">
          <reporter-output>
          </reporter-output>
        </test-method> <!-- afterTest -->
        <test-method is-config="true" signature="beforeMethod()[pri:0, instance:com.bullish.apiTest.test.AllRequest@4a3631f8]" started-at="2022-12-19T00:33:44Z" name="beforeMethod" finished-at="2022-12-19T00:33:44Z" duration-ms="1" status="PASS">
          <reporter-output>
          </reporter-output>
        </test-method> <!-- beforeMethod -->
        <test-method signature="fetchStudentByID()[pri:4, instance:com.bullish.apiTest.test.AllRequest@4a3631f8]" started-at="2022-12-19T00:33:44Z" name="fetchStudentByID" finished-at="2022-12-19T00:33:44Z" duration-ms="14" status="PASS">
          <reporter-output>
          </reporter-output>
        </test-method> <!-- fetchStudentByID -->
        <test-method is-config="true" signature="afterTest()[pri:0, instance:com.bullish.apiTest.test.AllRequest@4a3631f8]" started-at="2022-12-19T00:33:44Z" name="afterTest" finished-at="2022-12-19T00:33:44Z" duration-ms="1" status="PASS">
          <reporter-output>
          </reporter-output>
        </test-method> <!-- afterTest -->
        <test-method is-config="true" signature="beforeMethod()[pri:0, instance:com.bullish.apiTest.test.AllRequest@4a3631f8]" started-at="2022-12-19T00:33:44Z" name="beforeMethod" finished-at="2022-12-19T00:33:44Z" duration-ms="0" status="PASS">
          <reporter-output>
          </reporter-output>
        </test-method> <!-- beforeMethod -->
        <test-method signature="fetchStudentByIDClass()[pri:5, instance:com.bullish.apiTest.test.AllRequest@4a3631f8]" started-at="2022-12-19T00:33:44Z" name="fetchStudentByIDClass" finished-at="2022-12-19T00:33:44Z" duration-ms="31" status="PASS">
          <reporter-output>
          </reporter-output>
        </test-method> <!-- fetchStudentByIDClass -->
        <test-method is-config="true" signature="afterTest()[pri:0, instance:com.bullish.apiTest.test.AllRequest@4a3631f8]" started-at="2022-12-19T00:33:44Z" name="afterTest" finished-at="2022-12-19T00:33:44Z" duration-ms="0" status="PASS">
          <reporter-output>
          </reporter-output>
        </test-method> <!-- afterTest -->
        <test-method is-config="true" signature="beforeMethod()[pri:0, instance:com.bullish.apiTest.test.AllRequest@4a3631f8]" started-at="2022-12-19T00:33:44Z" name="beforeMethod" finished-at="2022-12-19T00:33:44Z" duration-ms="0" status="PASS">
          <reporter-output>
          </reporter-output>
        </test-method> <!-- beforeMethod -->
        <test-method signature="deleteStudent()[pri:6, instance:com.bullish.apiTest.test.AllRequest@4a3631f8]" started-at="2022-12-19T00:33:44Z" name="deleteStudent" finished-at="2022-12-19T00:33:44Z" duration-ms="34" status="PASS">
          <reporter-output>
          </reporter-output>
        </test-method> <!-- deleteStudent -->
        <test-method is-config="true" signature="afterTest()[pri:0, instance:com.bullish.apiTest.test.AllRequest@4a3631f8]" started-at="2022-12-19T00:33:44Z" name="afterTest" finished-at="2022-12-19T00:33:44Z" duration-ms="1" status="PASS">
          <reporter-output>
          </reporter-output>
        </test-method> <!-- afterTest -->
        <test-method is-config="true" signature="afterClass()[pri:0, instance:com.bullish.apiTest.test.AllRequest@4a3631f8]" started-at="2022-12-19T00:33:44Z" name="afterClass" finished-at="2022-12-19T00:33:44Z" duration-ms="1" status="PASS">
          <reporter-output>
          </reporter-output>
        </test-method> <!-- afterClass -->
      </class> <!-- com.bullish.apiTest.test.AllRequest -->
    </test> <!-- APITest -->
  </suite> <!-- APITests -->
</testng-results>
