<?xml version="1.0" encoding="UTF-8"?>
<testsuite xmlns:xsi="http://www.w3.org/2001/XMLSchema-instance" xsi:noNamespaceSchemaLocation="https://maven.apache.org/surefire/maven-surefire-plugin/xsd/surefire-test-report.xsd" name="TestSuite" time="2.183" tests="7" errors="0" skipped="0" failures="0">
  <properties>
[...]
</properties>
  <testcase name="PostStudent" classname="com.bullish.apiTest.test.AllRequest" time="0.63"/>
  <testcase name="PutStudent" classname="com.bullish.apiTest.test.AllRequest" time="0.044"/>
  <testcase name="fetchBulkStudent" classname="com.bullish.apiTest.test.AllRequest" time="0.039"/>
  <testcase name="fetchStudentByClass" classname="com.bullish.apiTest.test.AllRequest" time="0.037"/>
  <testcase name="fetchStudentByID" classname="com.bullish.apiTest.test.AllRequest" time="0.015"/>
  <testcase name="fetchStudentByIDClass" classname="com.bullish.apiTest.test.AllRequest" time="0.03"/>
  <testcase name="deleteStudent" classname="com.bullish.apiTest.test.AllRequest" time="0.035"/>
</testsuite>